<?xml version="1.0" encoding="UTF-8"?>
<!-- Generated by org.testng.reporters.JUnitReportReporter -->
<testsuite hostname="vijayhari" failures="0" tests="1" name="TestScripts.ProductSelect" time="15.160" errors="0" timestamp="2024-03-25T07:48:00 IST" skipped="0">
  <testcase classname="TestScripts.ProductSelect" name="selectProduct" time="15.160"/>
</testsuite> <!-- TestScripts.ProductSelect -->
