<?xml version="1.0" encoding="UTF-8"?>
<!-- Generated by org.testng.reporters.JUnitReportReporter -->
<testsuite hostname="vijayhari" failures="0" tests="1" name="TestScripts.TestProductIsPresentInCartPage" time="19.065" errors="0" timestamp="2024-03-24T07:42:20 IST" skipped="0">
  <testcase classname="TestScripts.TestProductIsPresentInCartPage" name="testProductisPresentInCart" time="19.065"/>
</testsuite> <!-- TestScripts.TestProductIsPresentInCartPage -->
